# JRE version: Java(TM) SE Runtime Environment (23.0.2+7) (build 23.0.2+7-58)
# Java VM: Java HotSpot(TM) 64-Bit Server VM (23.0.2+7-58, mixed mode, sharing, tiered, compressed oops, compressed class ptrs, g1 gc, windows-amd64)
GC Precious Log:
 CardTable entry size: 512
 Card Set container configuration: InlinePtr #cards 5 size 8 Array Of Cards #cards 10 size 36 Howl #buckets 4 coarsen threshold 1843 Howl Bitmap #cards 512 size 80 coarsen threshold 460 Card regions per heap region 1 cards per card region 2048
 CPUs: 4 total, 4 available
 Memory: 7894M
 Large Page Support: Disabled
 NUMA Support: Disabled
 Compressed Oops: Enabled (32-bit)
 Heap Region Size: 1M
 Heap Min Capacity: 8M
 Heap Initial Capacity: 124M
 Heap Max Capacity: 1974M
 Pre-touch: Disabled
 Parallel Workers: 4
 Concurrent Workers: 1
 Concurrent Refinement Workers: 4
 Periodic GC: Disabled
Heap:
 garbage-first heap   total reserved 2021376K, committed 128000K, used 59725K [0x0000000084a00000, 0x0000000100000000)
  region size 1024K, 3 young (3072K), 3 survivors (3072K)
 Metaspace       used 66968K, committed 67968K, reserved 1114112K
  class space    used 8195K, committed 8704K, reserved 1048576K
GC Heap History (20 events):
Event: 5.829 GC heap after
{Heap after GC invocations=21 (full 0):
 garbage-first heap   total reserved 2021376K, committed 54272K, used 31301K [0x0000000084a00000, 0x0000000100000000)
  region size 1024K, 3 young (3072K), 3 survivors (3072K)
 Metaspace       used 60930K, committed 61888K, reserved 1114112K
  class space    used 7581K, committed 8000K, reserved 1048576K
}
Event: 6.219 GC heap before
{Heap before GC invocations=22 (full 0):
 garbage-first heap   total reserved 2021376K, committed 55296K, used 45637K [0x0000000084a00000, 0x0000000100000000)
  region size 1024K, 17 young (17408K), 3 survivors (3072K)
 Metaspace       used 62364K, committed 63296K, reserved 1114112K
  class space    used 7680K, committed 8128K, reserved 1048576K
}
Event: 6.222 GC heap after
{Heap after GC invocations=23 (full 0):
 garbage-first heap   total reserved 2021376K, committed 55296K, used 32581K [0x0000000084a00000, 0x0000000100000000)
  region size 1024K, 3 young (3072K), 3 survivors (3072K)
 Metaspace       used 62364K, committed 63296K, reserved 1114112K
  class space    used 7680K, committed 8128K, reserved 1048576K
}
Event: 6.280 GC heap before
{Heap before GC invocations=23 (full 0):
 garbage-first heap   total reserved 2021376K, committed 55296K, used 47941K [0x0000000084a00000, 0x0000000100000000)
  region size 1024K, 17 young (17408K), 3 survivors (3072K)
 Metaspace       used 62492K, committed 63424K, reserved 1114112K
  class space    used 7691K, committed 8128K, reserved 1048576K
}
Event: 6.287 GC heap after
{Heap after GC invocations=24 (full 0):
 garbage-first heap   total reserved 2021376K, committed 56320K, used 36278K [0x0000000084a00000, 0x0000000100000000)
  region size 1024K, 3 young (3072K), 3 survivors (3072K)
 Metaspace       used 62492K, committed 63424K, reserved 1114112K
  class space    used 7691K, committed 8128K, reserved 1048576K
}
Event: 6.309 GC heap before
{Heap before GC invocations=24 (full 0):
 garbage-first heap   total reserved 2021376K, committed 56320K, used 48566K [0x0000000084a00000, 0x0000000100000000)
  region size 1024K, 15 young (15360K), 3 survivors (3072K)
 Metaspace       used 62508K, committed 63424K, reserved 1114112K
  class space    used 7691K, committed 8128K, reserved 1048576K
}
Event: 6.313 GC heap after
{Heap after GC invocations=25 (full 0):
 garbage-first heap   total reserved 2021376K, committed 92160K, used 38071K [0x0000000084a00000, 0x0000000100000000)
  region size 1024K, 2 young (2048K), 2 survivors (2048K)
 Metaspace       used 62508K, committed 63424K, reserved 1114112K
  class space    used 7691K, committed 8128K, reserved 1048576K
}
Event: 6.998 GC heap before
{Heap before GC invocations=26 (full 0):
 garbage-first heap   total reserved 2021376K, committed 92160K, used 80055K [0x0000000084a00000, 0x0000000100000000)
  region size 1024K, 42 young (43008K), 2 survivors (2048K)
 Metaspace       used 66073K, committed 67136K, reserved 1114112K
  class space    used 8129K, committed 8640K, reserved 1048576K
}
Event: 7.003 GC heap after
{Heap after GC invocations=27 (full 0):
 garbage-first heap   total reserved 2021376K, committed 92160K, used 43008K [0x0000000084a00000, 0x0000000100000000)
  region size 1024K, 6 young (6144K), 6 survivors (6144K)
 Metaspace       used 66073K, committed 67136K, reserved 1114112K
  class space    used 8129K, committed 8640K, reserved 1048576K
}
Event: 7.375 GC heap before
{Heap before GC invocations=27 (full 0):
 garbage-first heap   total reserved 2021376K, committed 92160K, used 79872K [0x0000000084a00000, 0x0000000100000000)
  region size 1024K, 41 young (41984K), 6 survivors (6144K)
 Metaspace       used 66325K, committed 67328K, reserved 1114112K
  class space    used 8156K, committed 8640K, reserved 1048576K
}
Event: 7.382 GC heap after
{Heap after GC invocations=28 (full 0):
 garbage-first heap   total reserved 2021376K, committed 92160K, used 44990K [0x0000000084a00000, 0x0000000100000000)
  region size 1024K, 4 young (4096K), 4 survivors (4096K)
 Metaspace       used 66325K, committed 67328K, reserved 1114112K
  class space    used 8156K, committed 8640K, reserved 1048576K
}
Event: 7.549 GC heap before
{Heap before GC invocations=28 (full 0):
 garbage-first heap   total reserved 2021376K, committed 92160K, used 79806K [0x0000000084a00000, 0x0000000100000000)
  region size 1024K, 38 young (38912K), 4 survivors (4096K)
 Metaspace       used 66550K, committed 67520K, reserved 1114112K
  class space    used 8171K, committed 8640K, reserved 1048576K
}
Event: 7.553 GC heap after
{Heap after GC invocations=29 (full 0):
 garbage-first heap   total reserved 2021376K, committed 92160K, used 47446K [0x0000000084a00000, 0x0000000100000000)
  region size 1024K, 3 young (3072K), 3 survivors (3072K)
 Metaspace       used 66550K, committed 67520K, reserved 1114112K
  class space    used 8171K, committed 8640K, reserved 1048576K
}
Event: 7.704 GC heap before
{Heap before GC invocations=30 (full 0):
 garbage-first heap   total reserved 2021376K, committed 92160K, used 81238K [0x0000000084a00000, 0x0000000100000000)
  region size 1024K, 35 young (35840K), 3 survivors (3072K)
 Metaspace       used 66764K, committed 67712K, reserved 1114112K
  class space    used 8188K, committed 8640K, reserved 1048576K
}
Event: 7.710 GC heap after
{Heap after GC invocations=31 (full 0):
 garbage-first heap   total reserved 2021376K, committed 92160K, used 52093K [0x0000000084a00000, 0x0000000100000000)
  region size 1024K, 5 young (5120K), 5 survivors (5120K)
 Metaspace       used 66764K, committed 67712K, reserved 1114112K
  class space    used 8188K, committed 8640K, reserved 1048576K
}
Event: 7.824 GC heap before
{Heap before GC invocations=31 (full 0):
 garbage-first heap   total reserved 2021376K, committed 92160K, used 81789K [0x0000000084a00000, 0x0000000100000000)
  region size 1024K, 33 young (33792K), 5 survivors (5120K)
 Metaspace       used 66888K, committed 67904K, reserved 1114112K
  class space    used 8195K, committed 8704K, reserved 1048576K
}
Event: 7.830 GC heap after
{Heap after GC invocations=32 (full 0):
 garbage-first heap   total reserved 2021376K, committed 93184K, used 56058K [0x0000000084a00000, 0x0000000100000000)
  region size 1024K, 5 young (5120K), 5 survivors (5120K)
 Metaspace       used 66888K, committed 67904K, reserved 1114112K
  class space    used 8195K, committed 8704K, reserved 1048576K
}
Event: 7.892 GC heap before
{Heap before GC invocations=32 (full 0):
 garbage-first heap   total reserved 2021376K, committed 93184K, used 81658K [0x0000000084a00000, 0x0000000100000000)
  region size 1024K, 30 young (30720K), 5 survivors (5120K)
 Metaspace       used 66956K, committed 67968K, reserved 1114112K
  class space    used 8195K, committed 8704K, reserved 1048576K
}
Event: 7.896 GC heap after
{Heap after GC invocations=33 (full 0):
 garbage-first heap   total reserved 2021376K, committed 93184K, used 57243K [0x0000000084a00000, 0x0000000100000000)
  region size 1024K, 3 young (3072K), 3 survivors (3072K)
 Metaspace       used 66956K, committed 67968K, reserved 1114112K
  class space    used 8195K, committed 8704K, reserved 1048576K
}
Event: 7.966 GC heap before
{Heap before GC invocations=33 (full 0):
 garbage-first heap   total reserved 2021376K, committed 93184K, used 82843K [0x0000000084a00000, 0x0000000100000000)
  region size 1024K, 27 young (27648K), 3 survivors (3072K)
 Metaspace       used 66968K, committed 67968K, reserved 1114112K
  class space    used 8195K, committed 8704K, reserved 1048576K
}

