# JRE version: Java(TM) SE Runtime Environment (23.0.2+7) (build 23.0.2+7-58)
# Java VM: Java HotSpot(TM) 64-Bit Server VM (23.0.2+7-58, mixed mode, sharing, tiered, compressed oops, compressed class ptrs, g1 gc, windows-amd64)
GC Precious Log:
 CardTable entry size: 512
 Card Set container configuration: InlinePtr #cards 5 size 8 Array Of Cards #cards 10 size 36 Howl #buckets 4 coarsen threshold 1843 Howl Bitmap #cards 512 size 80 coarsen threshold 460 Card regions per heap region 1 cards per card region 2048
 CPUs: 4 total, 4 available
 Memory: 7894M
 Large Page Support: Disabled
 NUMA Support: Disabled
 Compressed Oops: Enabled (32-bit)
 Heap Region Size: 1M
 Heap Min Capacity: 8M
 Heap Initial Capacity: 124M
 Heap Max Capacity: 1974M
 Pre-touch: Disabled
 Parallel Workers: 4
 Concurrent Workers: 1
 Concurrent Refinement Workers: 4
 Periodic GC: Disabled
Heap:
 garbage-first heap   total reserved 2021376K, committed 154624K, used 104730K [0x0000000084a00000, 0x0000000100000000)
  region size 1024K, 6 young (6144K), 6 survivors (6144K)
 Metaspace       used 71280K, committed 72256K, reserved 1114112K
  class space    used 8654K, committed 9152K, reserved 1048576K
GC Heap History (20 events):
Event: 8.462 GC heap after
{Heap after GC invocations=32 (full 0):
 garbage-first heap   total reserved 2021376K, committed 109568K, used 60098K [0x0000000084a00000, 0x0000000100000000)
  region size 1024K, 4 young (4096K), 4 survivors (4096K)
 Metaspace       used 66941K, committed 67968K, reserved 1114112K
  class space    used 8194K, committed 8704K, reserved 1048576K
}
Event: 8.669 GC heap before
{Heap before GC invocations=33 (full 0):
 garbage-first heap   total reserved 2021376K, committed 109568K, used 94914K [0x0000000084a00000, 0x0000000100000000)
  region size 1024K, 37 young (37888K), 4 survivors (4096K)
 Metaspace       used 67239K, committed 68224K, reserved 1114112K
  class space    used 8234K, committed 8704K, reserved 1048576K
}
Event: 8.674 GC heap after
{Heap after GC invocations=34 (full 0):
 garbage-first heap   total reserved 2021376K, committed 109568K, used 62648K [0x0000000084a00000, 0x0000000100000000)
  region size 1024K, 3 young (3072K), 3 survivors (3072K)
 Metaspace       used 67239K, committed 68224K, reserved 1114112K
  class space    used 8234K, committed 8704K, reserved 1048576K
}
Event: 8.953 GC heap before
{Heap before GC invocations=34 (full 0):
 garbage-first heap   total reserved 2021376K, committed 109568K, used 97464K [0x0000000084a00000, 0x0000000100000000)
  region size 1024K, 36 young (36864K), 3 survivors (3072K)
 Metaspace       used 69053K, committed 70016K, reserved 1114112K
  class space    used 8487K, committed 8960K, reserved 1048576K
}
Event: 8.957 GC heap after
{Heap after GC invocations=35 (full 0):
 garbage-first heap   total reserved 2021376K, committed 109568K, used 65317K [0x0000000084a00000, 0x0000000100000000)
  region size 1024K, 5 young (5120K), 5 survivors (5120K)
 Metaspace       used 69053K, committed 70016K, reserved 1114112K
  class space    used 8487K, committed 8960K, reserved 1048576K
}
Event: 9.122 GC heap before
{Heap before GC invocations=35 (full 0):
 garbage-first heap   total reserved 2021376K, committed 109568K, used 95013K [0x0000000084a00000, 0x0000000100000000)
  region size 1024K, 35 young (35840K), 5 survivors (5120K)
 Metaspace       used 69394K, committed 70400K, reserved 1114112K
  class space    used 8512K, committed 9024K, reserved 1048576K
}
Event: 9.128 GC heap after
{Heap after GC invocations=36 (full 0):
 garbage-first heap   total reserved 2021376K, committed 154624K, used 70277K [0x0000000084a00000, 0x0000000100000000)
  region size 1024K, 5 young (5120K), 5 survivors (5120K)
 Metaspace       used 69394K, committed 70400K, reserved 1114112K
  class space    used 8512K, committed 9024K, reserved 1048576K
}
Event: 9.287 GC heap before
{Heap before GC invocations=36 (full 0):
 garbage-first heap   total reserved 2021376K, committed 154624K, used 114309K [0x0000000084a00000, 0x0000000100000000)
  region size 1024K, 48 young (49152K), 5 survivors (5120K)
 Metaspace       used 69631K, committed 70592K, reserved 1114112K
  class space    used 8533K, committed 9024K, reserved 1048576K
}
Event: 9.294 GC heap after
{Heap after GC invocations=37 (full 0):
 garbage-first heap   total reserved 2021376K, committed 154624K, used 76005K [0x0000000084a00000, 0x0000000100000000)
  region size 1024K, 6 young (6144K), 6 survivors (6144K)
 Metaspace       used 69631K, committed 70592K, reserved 1114112K
  class space    used 8533K, committed 9024K, reserved 1048576K
}
Event: 9.545 GC heap before
{Heap before GC invocations=38 (full 0):
 garbage-first heap   total reserved 2021376K, committed 154624K, used 127205K [0x0000000084a00000, 0x0000000100000000)
  region size 1024K, 54 young (55296K), 6 survivors (6144K)
 Metaspace       used 69727K, committed 70720K, reserved 1114112K
  class space    used 8533K, committed 9024K, reserved 1048576K
}
Event: 9.554 GC heap after
{Heap after GC invocations=39 (full 0):
 garbage-first heap   total reserved 2021376K, committed 154624K, used 82041K [0x0000000084a00000, 0x0000000100000000)
  region size 1024K, 7 young (7168K), 7 survivors (7168K)
 Metaspace       used 69727K, committed 70720K, reserved 1114112K
  class space    used 8533K, committed 9024K, reserved 1048576K
}
Event: 10.271 GC heap before
{Heap before GC invocations=39 (full 0):
 garbage-first heap   total reserved 2021376K, committed 154624K, used 130169K [0x0000000084a00000, 0x0000000100000000)
  region size 1024K, 54 young (55296K), 7 survivors (7168K)
 Metaspace       used 70823K, committed 71872K, reserved 1114112K
  class space    used 8647K, committed 9152K, reserved 1048576K
}
Event: 10.278 GC heap after
{Heap after GC invocations=40 (full 0):
 garbage-first heap   total reserved 2021376K, committed 154624K, used 82725K [0x0000000084a00000, 0x0000000100000000)
  region size 1024K, 5 young (5120K), 5 survivors (5120K)
 Metaspace       used 70823K, committed 71872K, reserved 1114112K
  class space    used 8647K, committed 9152K, reserved 1048576K
}
Event: 10.749 GC heap before
{Heap before GC invocations=40 (full 0):
 garbage-first heap   total reserved 2021376K, committed 154624K, used 130853K [0x0000000084a00000, 0x0000000100000000)
  region size 1024K, 53 young (54272K), 5 survivors (5120K)
 Metaspace       used 70993K, committed 72000K, reserved 1114112K
  class space    used 8653K, committed 9152K, reserved 1048576K
}
Event: 10.755 GC heap after
{Heap after GC invocations=41 (full 0):
 garbage-first heap   total reserved 2021376K, committed 154624K, used 88721K [0x0000000084a00000, 0x0000000100000000)
  region size 1024K, 6 young (6144K), 6 survivors (6144K)
 Metaspace       used 70993K, committed 72000K, reserved 1114112K
  class space    used 8653K, committed 9152K, reserved 1048576K
}
Event: 11.054 GC heap before
{Heap before GC invocations=42 (full 0):
 garbage-first heap   total reserved 2021376K, committed 154624K, used 135825K [0x0000000084a00000, 0x0000000100000000)
  region size 1024K, 52 young (53248K), 6 survivors (6144K)
 Metaspace       used 71064K, committed 72064K, reserved 1114112K
  class space    used 8653K, committed 9152K, reserved 1048576K
}
Event: 11.061 GC heap after
{Heap after GC invocations=43 (full 0):
 garbage-first heap   total reserved 2021376K, committed 154624K, used 93108K [0x0000000084a00000, 0x0000000100000000)
  region size 1024K, 5 young (5120K), 5 survivors (5120K)
 Metaspace       used 71064K, committed 72064K, reserved 1114112K
  class space    used 8653K, committed 9152K, reserved 1048576K
}
Event: 11.319 GC heap before
{Heap before GC invocations=43 (full 0):
 garbage-first heap   total reserved 2021376K, committed 154624K, used 138164K [0x0000000084a00000, 0x0000000100000000)
  region size 1024K, 49 young (50176K), 5 survivors (5120K)
 Metaspace       used 71154K, committed 72192K, reserved 1114112K
  class space    used 8654K, committed 9152K, reserved 1048576K
}
Event: 11.327 GC heap after
{Heap after GC invocations=44 (full 0):
 garbage-first heap   total reserved 2021376K, committed 154624K, used 98451K [0x0000000084a00000, 0x0000000100000000)
  region size 1024K, 7 young (7168K), 7 survivors (7168K)
 Metaspace       used 71154K, committed 72192K, reserved 1114112K
  class space    used 8654K, committed 9152K, reserved 1048576K
}
Event: 11.573 GC heap before
{Heap before GC invocations=44 (full 0):
 garbage-first heap   total reserved 2021376K, committed 154624K, used 137363K [0x0000000084a00000, 0x0000000100000000)
  region size 1024K, 45 young (46080K), 7 survivors (7168K)
 Metaspace       used 71280K, committed 72256K, reserved 1114112K
  class space    used 8654K, committed 9152K, reserved 1048576K
}

