# JRE version: Java(TM) SE Runtime Environment (23.0.2+7) (build 23.0.2+7-58)
# Java VM: Java HotSpot(TM) 64-Bit Server VM (23.0.2+7-58, mixed mode, sharing, tiered, compressed oops, compressed class ptrs, g1 gc, windows-amd64)
GC Precious Log:
 CardTable entry size: 512
 Card Set container configuration: InlinePtr #cards 5 size 8 Array Of Cards #cards 10 size 36 Howl #buckets 4 coarsen threshold 1843 Howl Bitmap #cards 512 size 80 coarsen threshold 460 Card regions per heap region 1 cards per card region 2048
 CPUs: 4 total, 4 available
 Memory: 7894M
 Large Page Support: Disabled
 NUMA Support: Disabled
 Compressed Oops: Enabled (32-bit)
 Heap Region Size: 1M
 Heap Min Capacity: 8M
 Heap Initial Capacity: 124M
 Heap Max Capacity: 1974M
 Pre-touch: Disabled
 Parallel Workers: 4
 Concurrent Workers: 1
 Concurrent Refinement Workers: 4
 Periodic GC: Disabled
Heap:
 garbage-first heap   total reserved 2021376K, committed 143360K, used 93002K [0x0000000084a00000, 0x0000000100000000)
  region size 1024K, 4 young (4096K), 4 survivors (4096K)
 Metaspace       used 71121K, committed 72128K, reserved 1114112K
  class space    used 8641K, committed 9088K, reserved 1048576K
GC Heap History (20 events):
Event: 19.701 GC heap after
{Heap after GC invocations=33 (full 0):
 garbage-first heap   total reserved 2021376K, committed 110592K, used 55846K [0x0000000084a00000, 0x0000000100000000)
  region size 1024K, 6 young (6144K), 6 survivors (6144K)
 Metaspace       used 66969K, committed 67968K, reserved 1114112K
  class space    used 8181K, committed 8640K, reserved 1048576K
}
Event: 19.825 GC heap before
{Heap before GC invocations=33 (full 0):
 garbage-first heap   total reserved 2021376K, committed 110592K, used 81446K [0x0000000084a00000, 0x0000000100000000)
  region size 1024K, 32 young (32768K), 6 survivors (6144K)
 Metaspace       used 67040K, committed 68032K, reserved 1114112K
  class space    used 8181K, committed 8640K, reserved 1048576K
}
Event: 19.831 GC heap after
{Heap after GC invocations=34 (full 0):
 garbage-first heap   total reserved 2021376K, committed 110592K, used 59544K [0x0000000084a00000, 0x0000000100000000)
  region size 1024K, 4 young (4096K), 4 survivors (4096K)
 Metaspace       used 67040K, committed 68032K, reserved 1114112K
  class space    used 8181K, committed 8640K, reserved 1048576K
}
Event: 20.106 GC heap before
{Heap before GC invocations=35 (full 0):
 garbage-first heap   total reserved 2021376K, committed 110592K, used 97432K [0x0000000084a00000, 0x0000000100000000)
  region size 1024K, 40 young (40960K), 4 survivors (4096K)
 Metaspace       used 67687K, committed 68736K, reserved 1114112K
  class space    used 8268K, committed 8768K, reserved 1048576K
}
Event: 20.110 GC heap after
{Heap after GC invocations=36 (full 0):
 garbage-first heap   total reserved 2021376K, committed 110592K, used 61964K [0x0000000084a00000, 0x0000000100000000)
  region size 1024K, 3 young (3072K), 3 survivors (3072K)
 Metaspace       used 67687K, committed 68736K, reserved 1114112K
  class space    used 8268K, committed 8768K, reserved 1048576K
}
Event: 20.298 GC heap before
{Heap before GC invocations=36 (full 0):
 garbage-first heap   total reserved 2021376K, committed 110592K, used 98828K [0x0000000084a00000, 0x0000000100000000)
  region size 1024K, 38 young (38912K), 3 survivors (3072K)
 Metaspace       used 69116K, committed 70144K, reserved 1114112K
  class space    used 8474K, committed 8960K, reserved 1048576K
}
Event: 20.302 GC heap after
{Heap after GC invocations=37 (full 0):
 garbage-first heap   total reserved 2021376K, committed 110592K, used 63654K [0x0000000084a00000, 0x0000000100000000)
  region size 1024K, 5 young (5120K), 5 survivors (5120K)
 Metaspace       used 69116K, committed 70144K, reserved 1114112K
  class space    used 8474K, committed 8960K, reserved 1048576K
}
Event: 20.451 GC heap before
{Heap before GC invocations=37 (full 0):
 garbage-first heap   total reserved 2021376K, committed 110592K, used 88230K [0x0000000084a00000, 0x0000000100000000)
  region size 1024K, 30 young (30720K), 5 survivors (5120K)
 Metaspace       used 69425K, committed 70400K, reserved 1114112K
  class space    used 8500K, committed 8960K, reserved 1048576K
}
Event: 20.458 GC heap after
{Heap after GC invocations=38 (full 0):
 garbage-first heap   total reserved 2021376K, committed 139264K, used 69226K [0x0000000084a00000, 0x0000000100000000)
  region size 1024K, 5 young (5120K), 5 survivors (5120K)
 Metaspace       used 69425K, committed 70400K, reserved 1114112K
  class space    used 8500K, committed 8960K, reserved 1048576K
}
Event: 20.617 GC heap before
{Heap before GC invocations=38 (full 0):
 garbage-first heap   total reserved 2021376K, committed 139264K, used 113258K [0x0000000084a00000, 0x0000000100000000)
  region size 1024K, 48 young (49152K), 5 survivors (5120K)
 Metaspace       used 69685K, committed 70720K, reserved 1114112K
  class space    used 8520K, committed 9024K, reserved 1048576K
}
Event: 20.623 GC heap after
{Heap after GC invocations=39 (full 0):
 garbage-first heap   total reserved 2021376K, committed 139264K, used 74134K [0x0000000084a00000, 0x0000000100000000)
  region size 1024K, 5 young (5120K), 5 survivors (5120K)
 Metaspace       used 69685K, committed 70720K, reserved 1114112K
  class space    used 8520K, committed 9024K, reserved 1048576K
}
Event: 20.797 GC heap before
{Heap before GC invocations=40 (full 0):
 garbage-first heap   total reserved 2021376K, committed 139264K, used 121238K [0x0000000084a00000, 0x0000000100000000)
  region size 1024K, 49 young (50176K), 5 survivors (5120K)
 Metaspace       used 69760K, committed 70784K, reserved 1114112K
  class space    used 8520K, committed 9024K, reserved 1048576K
}
Event: 20.804 GC heap after
{Heap after GC invocations=41 (full 0):
 garbage-first heap   total reserved 2021376K, committed 139264K, used 79512K [0x0000000084a00000, 0x0000000100000000)
  region size 1024K, 6 young (6144K), 6 survivors (6144K)
 Metaspace       used 69760K, committed 70784K, reserved 1114112K
  class space    used 8520K, committed 9024K, reserved 1048576K
}
Event: 21.367 GC heap before
{Heap before GC invocations=41 (full 0):
 garbage-first heap   total reserved 2021376K, committed 139264K, used 122520K [0x0000000084a00000, 0x0000000100000000)
  region size 1024K, 48 young (49152K), 6 survivors (6144K)
 Metaspace       used 70758K, committed 71744K, reserved 1114112K
  class space    used 8634K, committed 9088K, reserved 1048576K
}
Event: 21.374 GC heap after
{Heap after GC invocations=42 (full 0):
 garbage-first heap   total reserved 2021376K, committed 139264K, used 80773K [0x0000000084a00000, 0x0000000100000000)
  region size 1024K, 4 young (4096K), 4 survivors (4096K)
 Metaspace       used 70758K, committed 71744K, reserved 1114112K
  class space    used 8634K, committed 9088K, reserved 1048576K
}
Event: 21.958 GC heap before
{Heap before GC invocations=42 (full 0):
 garbage-first heap   total reserved 2021376K, committed 139264K, used 123781K [0x0000000084a00000, 0x0000000100000000)
  region size 1024K, 46 young (47104K), 4 survivors (4096K)
 Metaspace       used 71010K, committed 72000K, reserved 1114112K
  class space    used 8639K, committed 9088K, reserved 1048576K
}
Event: 21.966 GC heap after
{Heap after GC invocations=43 (full 0):
 garbage-first heap   total reserved 2021376K, committed 139264K, used 85595K [0x0000000084a00000, 0x0000000100000000)
  region size 1024K, 5 young (5120K), 5 survivors (5120K)
 Metaspace       used 71010K, committed 72000K, reserved 1114112K
  class space    used 8639K, committed 9088K, reserved 1048576K
}
Event: 22.517 GC heap before
{Heap before GC invocations=44 (full 0):
 garbage-first heap   total reserved 2021376K, committed 143360K, used 125531K [0x0000000084a00000, 0x0000000100000000)
  region size 1024K, 44 young (45056K), 5 survivors (5120K)
 Metaspace       used 71086K, committed 72064K, reserved 1114112K
  class space    used 8641K, committed 9088K, reserved 1048576K
}
Event: 22.523 GC heap after
{Heap after GC invocations=45 (full 0):
 garbage-first heap   total reserved 2021376K, committed 143360K, used 90641K [0x0000000084a00000, 0x0000000100000000)
  region size 1024K, 5 young (5120K), 5 survivors (5120K)
 Metaspace       used 71086K, committed 72064K, reserved 1114112K
  class space    used 8641K, committed 9088K, reserved 1048576K
}
Event: 22.631 GC heap before
{Heap before GC invocations=45 (full 0):
 garbage-first heap   total reserved 2021376K, committed 143360K, used 128529K [0x0000000084a00000, 0x0000000100000000)
  region size 1024K, 43 young (44032K), 5 survivors (5120K)
 Metaspace       used 71121K, committed 72128K, reserved 1114112K
  class space    used 8641K, committed 9088K, reserved 1048576K
}

