# JRE version: Java(TM) SE Runtime Environment (23.0.2+7) (build 23.0.2+7-58)
# Java VM: Java HotSpot(TM) 64-Bit Server VM (23.0.2+7-58, mixed mode, sharing, tiered, compressed oops, compressed class ptrs, g1 gc, windows-amd64)
GC Precious Log:
 CardTable entry size: 512
 Card Set container configuration: InlinePtr #cards 5 size 8 Array Of Cards #cards 10 size 36 Howl #buckets 4 coarsen threshold 1843 Howl Bitmap #cards 512 size 80 coarsen threshold 460 Card regions per heap region 1 cards per card region 2048
 CPUs: 4 total, 4 available
 Memory: 7894M
 Large Page Support: Disabled
 NUMA Support: Disabled
 Compressed Oops: Enabled (32-bit)
 Heap Region Size: 1M
 Heap Min Capacity: 8M
 Heap Initial Capacity: 124M
 Heap Max Capacity: 1974M
 Pre-touch: Disabled
 Parallel Workers: 4
 Concurrent Workers: 1
 Concurrent Refinement Workers: 4
 Periodic GC: Disabled
Heap:
 garbage-first heap   total reserved 2021376K, committed 165888K, used 117297K [0x0000000084a00000, 0x0000000100000000)
  region size 1024K, 6 young (6144K), 6 survivors (6144K)
 Metaspace       used 71513K, committed 72448K, reserved 1114112K
  class space    used 8644K, committed 9088K, reserved 1048576K
GC Heap History (20 events):
Event: 20.444 GC heap after
{Heap after GC invocations=41 (full 0):
 garbage-first heap   total reserved 2021376K, committed 103424K, used 68461K [0x0000000084a00000, 0x0000000100000000)
  region size 1024K, 4 young (4096K), 4 survivors (4096K)
 Metaspace       used 69542K, committed 70528K, reserved 1114112K
  class space    used 8502K, committed 8960K, reserved 1048576K
}
Event: 20.549 GC heap before
{Heap before GC invocations=41 (full 0):
 garbage-first heap   total reserved 2021376K, committed 103424K, used 93037K [0x0000000084a00000, 0x0000000100000000)
  region size 1024K, 28 young (28672K), 4 survivors (4096K)
 Metaspace       used 69576K, committed 70528K, reserved 1114112K
  class space    used 8505K, committed 8960K, reserved 1048576K
}
Event: 20.553 GC heap after
{Heap after GC invocations=42 (full 0):
 garbage-first heap   total reserved 2021376K, committed 144384K, used 70243K [0x0000000084a00000, 0x0000000100000000)
  region size 1024K, 2 young (2048K), 2 survivors (2048K)
 Metaspace       used 69576K, committed 70528K, reserved 1114112K
  class space    used 8505K, committed 8960K, reserved 1048576K
}
Event: 21.141 GC heap before
{Heap before GC invocations=43 (full 0):
 garbage-first heap   total reserved 2021376K, committed 144384K, used 121443K [0x0000000084a00000, 0x0000000100000000)
  region size 1024K, 51 young (52224K), 2 survivors (2048K)
 Metaspace       used 69844K, committed 70848K, reserved 1114112K
  class space    used 8522K, committed 9024K, reserved 1048576K
}
Event: 21.146 GC heap after
{Heap after GC invocations=44 (full 0):
 garbage-first heap   total reserved 2021376K, committed 144384K, used 76164K [0x0000000084a00000, 0x0000000100000000)
  region size 1024K, 7 young (7168K), 7 survivors (7168K)
 Metaspace       used 69844K, committed 70848K, reserved 1114112K
  class space    used 8522K, committed 9024K, reserved 1048576K
}
Event: 21.774 GC heap before
{Heap before GC invocations=44 (full 0):
 garbage-first heap   total reserved 2021376K, committed 144384K, used 123268K [0x0000000084a00000, 0x0000000100000000)
  region size 1024K, 52 young (53248K), 7 survivors (7168K)
 Metaspace       used 70826K, committed 71808K, reserved 1114112K
  class space    used 8636K, committed 9088K, reserved 1048576K
}
Event: 21.781 GC heap after
{Heap after GC invocations=45 (full 0):
 garbage-first heap   total reserved 2021376K, committed 144384K, used 78554K [0x0000000084a00000, 0x0000000100000000)
  region size 1024K, 4 young (4096K), 4 survivors (4096K)
 Metaspace       used 70826K, committed 71808K, reserved 1114112K
  class space    used 8636K, committed 9088K, reserved 1048576K
}
Event: 22.296 GC heap before
{Heap before GC invocations=45 (full 0):
 garbage-first heap   total reserved 2021376K, committed 144384K, used 124634K [0x0000000084a00000, 0x0000000100000000)
  region size 1024K, 49 young (50176K), 4 survivors (4096K)
 Metaspace       used 71127K, committed 72128K, reserved 1114112K
  class space    used 8642K, committed 9088K, reserved 1048576K
}
Event: 22.304 GC heap after
{Heap after GC invocations=46 (full 0):
 garbage-first heap   total reserved 2021376K, committed 144384K, used 83945K [0x0000000084a00000, 0x0000000100000000)
  region size 1024K, 6 young (6144K), 6 survivors (6144K)
 Metaspace       used 71127K, committed 72128K, reserved 1114112K
  class space    used 8642K, committed 9088K, reserved 1048576K
}
Event: 22.625 GC heap before
{Heap before GC invocations=47 (full 0):
 garbage-first heap   total reserved 2021376K, committed 144384K, used 126953K [0x0000000084a00000, 0x0000000100000000)
  region size 1024K, 49 young (50176K), 6 survivors (6144K)
 Metaspace       used 71199K, committed 72192K, reserved 1114112K
  class space    used 8642K, committed 9088K, reserved 1048576K
}
Event: 22.634 GC heap after
{Heap after GC invocations=48 (full 0):
 garbage-first heap   total reserved 2021376K, committed 144384K, used 88324K [0x0000000084a00000, 0x0000000100000000)
  region size 1024K, 5 young (5120K), 5 survivors (5120K)
 Metaspace       used 71199K, committed 72192K, reserved 1114112K
  class space    used 8642K, committed 9088K, reserved 1048576K
}
Event: 22.761 GC heap before
{Heap before GC invocations=48 (full 0):
 garbage-first heap   total reserved 2021376K, committed 144384K, used 129284K [0x0000000084a00000, 0x0000000100000000)
  region size 1024K, 46 young (47104K), 5 survivors (5120K)
 Metaspace       used 71239K, committed 72192K, reserved 1114112K
  class space    used 8642K, committed 9088K, reserved 1048576K
}
Event: 22.768 GC heap after
{Heap after GC invocations=49 (full 0):
 garbage-first heap   total reserved 2021376K, committed 144384K, used 91712K [0x0000000084a00000, 0x0000000100000000)
  region size 1024K, 4 young (4096K), 4 survivors (4096K)
 Metaspace       used 71239K, committed 72192K, reserved 1114112K
  class space    used 8642K, committed 9088K, reserved 1048576K
}
Event: 23.049 GC heap before
{Heap before GC invocations=49 (full 0):
 garbage-first heap   total reserved 2021376K, committed 144384K, used 131648K [0x0000000084a00000, 0x0000000100000000)
  region size 1024K, 43 young (44032K), 4 survivors (4096K)
 Metaspace       used 71408K, committed 72384K, reserved 1114112K
  class space    used 8644K, committed 9088K, reserved 1048576K
}
Event: 23.057 GC heap after
{Heap after GC invocations=50 (full 0):
 garbage-first heap   total reserved 2021376K, committed 144384K, used 98816K [0x0000000084a00000, 0x0000000100000000)
  region size 1024K, 6 young (6144K), 6 survivors (6144K)
 Metaspace       used 71408K, committed 72384K, reserved 1114112K
  class space    used 8644K, committed 9088K, reserved 1048576K
}
Event: 23.314 GC heap before
{Heap before GC invocations=51 (full 0):
 garbage-first heap   total reserved 2021376K, committed 165888K, used 128512K [0x0000000084a00000, 0x0000000100000000)
  region size 1024K, 35 young (35840K), 6 survivors (6144K)
 Metaspace       used 71456K, committed 72448K, reserved 1114112K
  class space    used 8644K, committed 9088K, reserved 1048576K
}
Event: 23.322 GC heap after
{Heap after GC invocations=52 (full 0):
 garbage-first heap   total reserved 2021376K, committed 165888K, used 103823K [0x0000000084a00000, 0x0000000100000000)
  region size 1024K, 5 young (5120K), 5 survivors (5120K)
 Metaspace       used 71456K, committed 72448K, reserved 1114112K
  class space    used 8644K, committed 9088K, reserved 1048576K
}
Event: 23.505 GC heap before
{Heap before GC invocations=52 (full 0):
 garbage-first heap   total reserved 2021376K, committed 165888K, used 148879K [0x0000000084a00000, 0x0000000100000000)
  region size 1024K, 49 young (50176K), 5 survivors (5120K)
 Metaspace       used 71482K, committed 72448K, reserved 1114112K
  class space    used 8644K, committed 9088K, reserved 1048576K
}
Event: 23.514 GC heap after
{Heap after GC invocations=53 (full 0):
 garbage-first heap   total reserved 2021376K, committed 165888K, used 110397K [0x0000000084a00000, 0x0000000100000000)
  region size 1024K, 7 young (7168K), 7 survivors (7168K)
 Metaspace       used 71482K, committed 72448K, reserved 1114112K
  class space    used 8644K, committed 9088K, reserved 1048576K
}
Event: 23.708 GC heap before
{Heap before GC invocations=53 (full 0):
 garbage-first heap   total reserved 2021376K, committed 165888K, used 149309K [0x0000000084a00000, 0x0000000100000000)
  region size 1024K, 45 young (46080K), 7 survivors (7168K)
 Metaspace       used 71513K, committed 72448K, reserved 1114112K
  class space    used 8644K, committed 9088K, reserved 1048576K
}

