# JRE version: Java(TM) SE Runtime Environment (23.0.2+7) (build 23.0.2+7-58)
# Java VM: Java HotSpot(TM) 64-Bit Server VM (23.0.2+7-58, mixed mode, sharing, tiered, compressed oops, compressed class ptrs, g1 gc, windows-amd64)
GC Precious Log:
 CardTable entry size: 512
 Card Set container configuration: InlinePtr #cards 5 size 8 Array Of Cards #cards 10 size 36 Howl #buckets 4 coarsen threshold 1843 Howl Bitmap #cards 512 size 80 coarsen threshold 460 Card regions per heap region 1 cards per card region 2048
 CPUs: 4 total, 4 available
 Memory: 7894M
 Large Page Support: Disabled
 NUMA Support: Disabled
 Compressed Oops: Enabled (32-bit)
 Heap Region Size: 1M
 Heap Min Capacity: 8M
 Heap Initial Capacity: 124M
 Heap Max Capacity: 2G
 Pre-touch: Disabled
 Parallel Workers: 4
 Concurrent Workers: 1
 Concurrent Refinement Workers: 4
 Periodic GC: Disabled
Heap:
 garbage-first heap   total reserved 2097152K, committed 270336K, used 243164K [0x0000000080000000, 0x0000000100000000)
  region size 1024K, 74 young (75776K), 5 survivors (5120K)
 Metaspace       used 129494K, committed 131968K, reserved 1179648K
  class space    used 17932K, committed 19136K, reserved 1048576K
GC Heap History (20 events):
Event: 112.240 GC heap before
{Heap before GC invocations=58 (full 0):
 garbage-first heap   total reserved 2097152K, committed 222208K, used 196100K [0x0000000080000000, 0x0000000100000000)
  region size 1024K, 64 young (65536K), 4 survivors (4096K)
 Metaspace       used 118163K, committed 120448K, reserved 1179648K
  class space    used 16295K, committed 17408K, reserved 1048576K
}
Event: 112.252 GC heap after
{Heap after GC invocations=59 (full 0):
 garbage-first heap   total reserved 2097152K, committed 222208K, used 139050K [0x0000000080000000, 0x0000000100000000)
  region size 1024K, 8 young (8192K), 8 survivors (8192K)
 Metaspace       used 118163K, committed 120448K, reserved 1179648K
  class space    used 16295K, committed 17408K, reserved 1048576K
}
Event: 113.520 GC heap before
{Heap before GC invocations=59 (full 0):
 garbage-first heap   total reserved 2097152K, committed 222208K, used 199466K [0x0000000080000000, 0x0000000100000000)
  region size 1024K, 67 young (68608K), 8 survivors (8192K)
 Metaspace       used 120510K, committed 122880K, reserved 1179648K
  class space    used 16626K, committed 17792K, reserved 1048576K
}
Event: 113.532 GC heap after
{Heap after GC invocations=60 (full 0):
 garbage-first heap   total reserved 2097152K, committed 222208K, used 144033K [0x0000000080000000, 0x0000000100000000)
  region size 1024K, 9 young (9216K), 9 survivors (9216K)
 Metaspace       used 120510K, committed 122880K, reserved 1179648K
  class space    used 16626K, committed 17792K, reserved 1048576K
}
Event: 114.934 GC heap before
{Heap before GC invocations=61 (full 0):
 garbage-first heap   total reserved 2097152K, committed 240640K, used 199329K [0x0000000080000000, 0x0000000100000000)
  region size 1024K, 63 young (64512K), 9 survivors (9216K)
 Metaspace       used 123401K, committed 125824K, reserved 1179648K
  class space    used 17120K, committed 18304K, reserved 1048576K
}
Event: 114.951 GC heap after
{Heap after GC invocations=62 (full 0):
 garbage-first heap   total reserved 2097152K, committed 240640K, used 151232K [0x0000000080000000, 0x0000000100000000)
  region size 1024K, 7 young (7168K), 7 survivors (7168K)
 Metaspace       used 123401K, committed 125824K, reserved 1179648K
  class space    used 17120K, committed 18304K, reserved 1048576K
}
Event: 116.346 GC heap before
{Heap before GC invocations=62 (full 0):
 garbage-first heap   total reserved 2097152K, committed 240640K, used 215744K [0x0000000080000000, 0x0000000100000000)
  region size 1024K, 71 young (72704K), 7 survivors (7168K)
 Metaspace       used 123428K, committed 125888K, reserved 1179648K
  class space    used 17120K, committed 18304K, reserved 1048576K
}
Event: 116.372 GC heap after
{Heap after GC invocations=63 (full 0):
 garbage-first heap   total reserved 2097152K, committed 240640K, used 152934K [0x0000000080000000, 0x0000000100000000)
  region size 1024K, 4 young (4096K), 4 survivors (4096K)
 Metaspace       used 123428K, committed 125888K, reserved 1179648K
  class space    used 17120K, committed 18304K, reserved 1048576K
}
Event: 118.222 GC heap before
{Heap before GC invocations=63 (full 0):
 garbage-first heap   total reserved 2097152K, committed 240640K, used 216422K [0x0000000080000000, 0x0000000100000000)
  region size 1024K, 67 young (68608K), 4 survivors (4096K)
 Metaspace       used 123946K, committed 126336K, reserved 1179648K
  class space    used 17222K, committed 18368K, reserved 1048576K
}
Event: 118.230 GC heap after
{Heap after GC invocations=64 (full 0):
 garbage-first heap   total reserved 2097152K, committed 240640K, used 155619K [0x0000000080000000, 0x0000000100000000)
  region size 1024K, 7 young (7168K), 7 survivors (7168K)
 Metaspace       used 123946K, committed 126336K, reserved 1179648K
  class space    used 17222K, committed 18368K, reserved 1048576K
}
Event: 121.189 GC heap before
{Heap before GC invocations=65 (full 0):
 garbage-first heap   total reserved 2097152K, committed 261120K, used 217059K [0x0000000080000000, 0x0000000100000000)
  region size 1024K, 68 young (69632K), 7 survivors (7168K)
 Metaspace       used 124219K, committed 126528K, reserved 1179648K
  class space    used 17259K, committed 18368K, reserved 1048576K
}
Event: 121.199 GC heap after
{Heap after GC invocations=66 (full 0):
 garbage-first heap   total reserved 2097152K, committed 261120K, used 158263K [0x0000000080000000, 0x0000000100000000)
  region size 1024K, 5 young (5120K), 5 survivors (5120K)
 Metaspace       used 124219K, committed 126528K, reserved 1179648K
  class space    used 17259K, committed 18368K, reserved 1048576K
}
Event: 123.619 GC heap before
{Heap before GC invocations=66 (full 0):
 garbage-first heap   total reserved 2097152K, committed 261120K, used 234039K [0x0000000080000000, 0x0000000100000000)
  region size 1024K, 80 young (81920K), 5 survivors (5120K)
 Metaspace       used 124712K, committed 127040K, reserved 1179648K
  class space    used 17344K, committed 18496K, reserved 1048576K
}
Event: 123.649 GC heap after
{Heap after GC invocations=67 (full 0):
 garbage-first heap   total reserved 2097152K, committed 261120K, used 149845K [0x0000000080000000, 0x0000000100000000)
  region size 1024K, 10 young (10240K), 10 survivors (10240K)
 Metaspace       used 124712K, committed 127040K, reserved 1179648K
  class space    used 17344K, committed 18496K, reserved 1048576K
}
Event: 148.661 GC heap before
{Heap before GC invocations=67 (full 0):
 garbage-first heap   total reserved 2097152K, committed 261120K, used 223573K [0x0000000080000000, 0x0000000100000000)
  region size 1024K, 83 young (84992K), 10 survivors (10240K)
 Metaspace       used 128618K, committed 131072K, reserved 1179648K
  class space    used 17871K, committed 19072K, reserved 1048576K
}
Event: 148.714 GC heap after
{Heap after GC invocations=68 (full 0):
 garbage-first heap   total reserved 2097152K, committed 261120K, used 160700K [0x0000000080000000, 0x0000000100000000)
  region size 1024K, 11 young (11264K), 11 survivors (11264K)
 Metaspace       used 128618K, committed 131072K, reserved 1179648K
  class space    used 17871K, committed 19072K, reserved 1048576K
}
Event: 207.009 GC heap before
{Heap before GC invocations=69 (full 0):
 garbage-first heap   total reserved 2097152K, committed 270336K, used 230332K [0x0000000080000000, 0x0000000100000000)
  region size 1024K, 80 young (81920K), 11 survivors (11264K)
 Metaspace       used 129038K, committed 131520K, reserved 1179648K
  class space    used 17926K, committed 19136K, reserved 1048576K
}
Event: 207.114 GC heap after
{Heap after GC invocations=70 (full 0):
 garbage-first heap   total reserved 2097152K, committed 270336K, used 165788K [0x0000000080000000, 0x0000000100000000)
  region size 1024K, 5 young (5120K), 5 survivors (5120K)
 Metaspace       used 129038K, committed 131520K, reserved 1179648K
  class space    used 17926K, committed 19136K, reserved 1048576K
}
Event: 210.255 GC heap before
{Heap before GC invocations=70 (full 0):
 garbage-first heap   total reserved 2097152K, committed 270336K, used 240540K [0x0000000080000000, 0x0000000100000000)
  region size 1024K, 78 young (79872K), 5 survivors (5120K)
 Metaspace       used 129355K, committed 131840K, reserved 1179648K
  class space    used 17929K, committed 19136K, reserved 1048576K
}
Event: 210.295 GC heap after
{Heap after GC invocations=71 (full 0):
 garbage-first heap   total reserved 2097152K, committed 270336K, used 172508K [0x0000000080000000, 0x0000000100000000)
  region size 1024K, 10 young (10240K), 10 survivors (10240K)
 Metaspace       used 129355K, committed 131840K, reserved 1179648K
  class space    used 17929K, committed 19136K, reserved 1048576K
}

